[75903:259:0802/165700.498671:WARNING:chrome_main_delegate.cc(594)] This is Chrome version 115.0.5790.114 (not a warning)
[75903:259:0802/165701.167396:WARNING:chrome_command_line_pref_store.cc(121)] Additional command-line proxy switches specified when --no-proxy-server was also specified.
[75903:259:0802/165701.173101:WARNING:chrome_command_line_pref_store.cc(121)] Additional command-line proxy switches specified when --no-proxy-server was also specified.
[75903:259:0802/165701.390009:INFO:chrome_browser_cloud_management_controller.cc(167)] Starting CBCM Controller Initialization
[75903:259:0802/165701.390071:INFO:chrome_browser_cloud_management_controller.cc(195)] No machine level policy manager exists.
[75903:259:0802/165701.396191:WARNING:chrome_command_line_pref_store.cc(121)] Additional command-line proxy switches specified when --no-proxy-server was also specified.
[75903:259:0802/165705.807909:INFO:CONSOLE(0)] "An iframe which has both allow-scripts and allow-same-origin for its sandbox attribute can escape its sandboxing.", source: https://d8d000008efr1eac--yhtest.sandbox.my.salesforce.com/s.gif (0)
[75903:259:0802/165705.989330:INFO:CONSOLE(1)] "Could not load taxonomy information for the current page due server status", source: https://www.salesforce.com/etc/clientlibs/sfdc-aem-master/clientlibs_www_tags.min.js (1)
[75903:259:0802/165706.201608:INFO:CONSOLE(1)] "Error", source: https://spider.australiarevival.com/i/5d421499287bb62bd452311781db1729.js (1)
[75903:259:0802/165709.442909:INFO:CONSOLE(1)] "Failed to retrive resource /wbin/www-core/f/g", source: https://www.salesforce.com/etc.bundles/sfdc-www/bundles/webpack-script-manifest-commonlyUsed-js.bundle.356d5cf5c4f544ae3846.js (1)
[75903:259:0802/165716.357696:INFO:CONSOLE(13)] "Failed to set the value "true" for the runtime feature flag "ENABLE_LIGHT_GET_ROOT_NODE_PATCH" because it is undefined. Available flags: "DUMMY_TEST_FLAG", "ENABLE_FORCE_NATIVE_SHADOW_MODE_FOR_TEST", "ENABLE_MIXED_SHADOW_MODE", "ENABLE_NATIVE_CUSTOM_ELEMENT_LIFECYCLE", "ENABLE_WIRE_SYNC_EMIT", "DISABLE_LIGHT_DOM_UNSCOPED_CSS", "ENABLE_FROZEN_TEMPLATE", "DISABLE_ARIA_REFLECTION_POLYFILL".", source: https://static.lightning.force.com/cs127/auraFW/javascript/MlRqRU5YT3pjWFRNenJranFOMWFjQXlMaWFpdmxPSTZWeEo0bWtiN0hsaXcyNDQuMjAuNC0yLjQxLjQ/aura_prod.js (13)
[75903:259:0802/165716.455810:INFO:CONSOLE(1)] "ComponentProfiler: Component-level profiling has not been enabled because "componentProfiler.instrumentation.ltng" gate is not open.", source: https://d8d000008efr1eac--yhtest.sandbox.lightning.force.com/components/instrumentation/componentProfiler.js (1)
[75903:259:0802/165717.179795:INFO:CONSOLE(13)] "An iframe which has both allow-scripts and allow-same-origin for its sandbox attribute can escape its sandboxing.", source: https://static.lightning.force.com/cs127/auraFW/javascript/MlRqRU5YT3pjWFRNenJranFOMWFjQXlMaWFpdmxPSTZWeEo0bWtiN0hsaXcyNDQuMjAuNC0yLjQxLjQ/aura_prod.js (13)
[75903:259:0802/165717.205093:INFO:CONSOLE(4)] "empApi setting initialized true for : undefined", source: https://d8d000008efr1eac--yhtest.sandbox.lightning.force.com/components/force/empApi.js (4)
[75903:259:0802/165717.488701:INFO:CONSOLE(1)] "<lightning-spinner> The alternativeText attribute should not be empty. Please add a description of what is causing the wait.", source: https://d8d000008efr1eac--yhtest.sandbox.lightning.force.com/components/lightning/spinner.js (1)
[75903:259:0802/165718.671531:INFO:CONSOLE(13)] "An iframe which has both allow-scripts and allow-same-origin for its sandbox attribute can escape its sandboxing.", source: https://static.lightning.force.com/cs127/auraFW/javascript/MlRqRU5YT3pjWFRNenJranFOMWFjQXlMaWFpdmxPSTZWeEo0bWtiN0hsaXcyNDQuMjAuNC0yLjQxLjQ/aura_prod.js (13)
[75903:259:0802/165721.147831:INFO:CONSOLE(41)] "[object Object]", source: https://d8d000008efr1eac--yhtest.sandbox.lightning.force.com/libraries/instrumentation/beaconLib.BeaconLibrary.js (41)
[75903:259:0802/165721.421256:INFO:CONSOLE(1)] "[ORCHESTRATION] In-App Guidance is disabled. To enable In-App Guidance, visit the settings modal on the In-App Guidance Setup Page.", source: https://d8d000008efr1eac--yhtest.sandbox.lightning.force.com/components/one/onboardingManagerLibPrivate.js (1)
[75903:259:0802/165722.807085:INFO:CONSOLE(41)] "[object Object]", source: https://d8d000008efr1eac--yhtest.sandbox.lightning.force.com/libraries/instrumentation/beaconLib.BeaconLibrary.js (41)
[75903:259:0802/165725.226228:INFO:CONSOLE(41)] "[object Object]", source: https://d8d000008efr1eac--yhtest.sandbox.lightning.force.com/libraries/instrumentation/beaconLib.BeaconLibrary.js (41)
[75903:259:0802/165728.127753:INFO:CONSOLE(41)] "[object Object]", source: https://d8d000008efr1eac--yhtest.sandbox.lightning.force.com/libraries/instrumentation/beaconLib.BeaconLibrary.js (41)
[75903:259:0802/165736.898990:INFO:CONSOLE(1513)] "[object HTMLDivElement]", source:  (1513)
[75903:259:0802/165737.160259:INFO:CONSOLE(1513)] "[object HTMLDivElement]", source:  (1513)
[75903:259:0802/165738.161177:INFO:CONSOLE(1513)] "[object HTMLDivElement]", source:  (1513)
[75903:259:0802/165747.732718:INFO:CONSOLE(1513)] "[object HTMLDivElement]", source:  (1513)
[75903:259:0802/165748.432667:INFO:CONSOLE(1513)] "[object HTMLDivElement]", source:  (1513)
[75903:259:0802/165748.606683:INFO:CONSOLE(1513)] "[object HTMLDivElement]", source:  (1513)
[75903:259:0802/165750.583314:INFO:CONSOLE(1513)] "[object HTMLDivElement]", source:  (1513)
[75903:259:0802/165751.362007:INFO:CONSOLE(1513)] "[object HTMLDivElement]", source:  (1513)
[75903:259:0802/165751.501456:INFO:CONSOLE(1513)] "[object HTMLDivElement]", source:  (1513)
[75903:259:0802/165752.064166:INFO:CONSOLE(1513)] "[object HTMLDivElement]", source:  (1513)
[75903:259:0802/165752.174633:INFO:CONSOLE(1513)] "[object HTMLElement]", source:  (1513)
[75903:259:0802/165753.504323:INFO:CONSOLE(1513)] "[object HTMLDivElement]", source:  (1513)
[75903:259:0802/165754.080916:INFO:CONSOLE(1513)] "[object HTMLDivElement]", source:  (1513)
[75903:259:0802/165754.214145:INFO:CONSOLE(1513)] "[object HTMLDivElement]", source:  (1513)
[75903:259:0802/165754.700058:INFO:CONSOLE(1513)] "[object HTMLDivElement]", source:  (1513)
[75903:259:0802/165754.811214:INFO:CONSOLE(1513)] "[object HTMLElement]", source:  (1513)
[75903:259:0802/165756.139564:INFO:CONSOLE(1513)] "[object HTMLDivElement]", source:  (1513)
[75903:259:0802/165756.677860:INFO:CONSOLE(1513)] "[object HTMLDivElement]", source:  (1513)
[75903:259:0802/165756.775528:INFO:CONSOLE(1513)] "[object HTMLDivElement]", source:  (1513)
[75903:259:0802/165757.245762:INFO:CONSOLE(1513)] "[object HTMLDivElement]", source:  (1513)
[75903:259:0802/165757.332482:INFO:CONSOLE(1513)] "[object HTMLElement]", source:  (1513)
[75903:259:0802/165758.608673:INFO:CONSOLE(1513)] "[object HTMLDivElement]", source:  (1513)
[75903:259:0802/165759.139611:INFO:CONSOLE(1513)] "[object HTMLDivElement]", source:  (1513)
[75903:259:0802/165759.260391:INFO:CONSOLE(1513)] "[object HTMLDivElement]", source:  (1513)
[75903:259:0802/165801.226472:INFO:CONSOLE(1513)] "[object HTMLDivElement]", source:  (1513)
[75903:259:0802/165802.105093:INFO:CONSOLE(1513)] "[object HTMLDivElement]", source:  (1513)
[75903:259:0802/165802.218490:INFO:CONSOLE(1513)] "[object HTMLDivElement]", source:  (1513)
[75903:259:0802/165802.452076:INFO:CONSOLE(1513)] "[object HTMLElement]", source:  (1513)
[75903:259:0802/165804.379278:INFO:CONSOLE(1513)] "[object HTMLElement]", source:  (1513)
[75903:259:0802/165805.591143:INFO:CONSOLE(1513)] "[object HTMLDivElement]", source:  (1513)
[75903:259:0802/165806.556826:INFO:CONSOLE(1513)] "[object HTMLDivElement]", source:  (1513)
[75903:259:0802/165806.684128:INFO:CONSOLE(1513)] "[object HTMLDivElement]", source:  (1513)
[75903:259:0802/165809.728527:INFO:CONSOLE(1513)] "[object HTMLDivElement]", source:  (1513)
[75903:259:0802/165810.035726:INFO:CONSOLE(1513)] "[object HTMLElement]", source:  (1513)
[75903:259:0802/165810.369039:INFO:CONSOLE(1513)] "[object HTMLButtonElement]", source:  (1513)
[75903:259:0802/165810.449038:INFO:CONSOLE(1513)] "[object HTMLDivElement]", source:  (1513)
[75903:259:0802/165811.545372:INFO:CONSOLE(1)] "Toast: please provide at least the "label" property to show the toast", source: https://d8d000008efr1eac--yhtest.sandbox.lightning.force.com/components/lightning/showToastEvent.js (1)
[75903:259:0802/165813.582436:INFO:CONSOLE(41)] "[object Object]", source: https://d8d000008efr1eac--yhtest.sandbox.lightning.force.com/libraries/instrumentation/beaconLib.BeaconLibrary.js (41)
[75903:259:0802/165816.801326:INFO:CONSOLE(1)] "<lightning-icon> Invalid icon name utility:", source: https://d8d000008efr1eac--yhtest.sandbox.lightning.force.com/components/lightning/icon.js (1)
[75903:259:0802/165817.990237:INFO:CONSOLE(41)] "[object Object]", source: https://d8d000008efr1eac--yhtest.sandbox.lightning.force.com/libraries/instrumentation/beaconLib.BeaconLibrary.js (41)
[75903:259:0802/165819.168765:INFO:CONSOLE(41)] "[object Object]", source: https://d8d000008efr1eac--yhtest.sandbox.lightning.force.com/libraries/instrumentation/beaconLib.BeaconLibrary.js (41)
[75903:259:0802/165821.112559:INFO:CONSOLE(41)] "[object Object]", source: https://d8d000008efr1eac--yhtest.sandbox.lightning.force.com/libraries/instrumentation/beaconLib.BeaconLibrary.js (41)
[75903:259:0802/165829.630460:INFO:CONSOLE(1513)] "[object HTMLDivElement]", source:  (1513)
[75903:259:0802/165829.769025:INFO:CONSOLE(1513)] "[object HTMLDivElement]", source:  (1513)
[75903:259:0802/165830.556444:INFO:CONSOLE(1513)] "[object HTMLDivElement]", source:  (1513)
[75903:259:0802/165839.481097:INFO:CONSOLE(1513)] "[object HTMLDivElement]", source:  (1513)
[75903:259:0802/165840.157848:INFO:CONSOLE(1513)] "[object HTMLDivElement]", source:  (1513)
[75903:259:0802/165840.263440:INFO:CONSOLE(1513)] "[object HTMLDivElement]", source:  (1513)
[75903:259:0802/165842.092815:INFO:CONSOLE(1513)] "[object HTMLDivElement]", source:  (1513)
[75903:259:0802/165842.785220:INFO:CONSOLE(1513)] "[object HTMLDivElement]", source:  (1513)
[75903:259:0802/165842.891656:INFO:CONSOLE(1513)] "[object HTMLDivElement]", source:  (1513)
[75903:259:0802/165843.365576:INFO:CONSOLE(1513)] "[object HTMLDivElement]", source:  (1513)
[75903:259:0802/165843.440515:INFO:CONSOLE(1513)] "[object HTMLElement]", source:  (1513)
[75903:259:0802/165844.717345:INFO:CONSOLE(1513)] "[object HTMLDivElement]", source:  (1513)
[75903:259:0802/165845.245190:INFO:CONSOLE(1513)] "[object HTMLDivElement]", source:  (1513)
[75903:259:0802/165845.339952:INFO:CONSOLE(1513)] "[object HTMLDivElement]", source:  (1513)
[75903:259:0802/165845.794585:INFO:CONSOLE(1513)] "[object HTMLDivElement]", source:  (1513)
[75903:259:0802/165845.859248:INFO:CONSOLE(1513)] "[object HTMLElement]", source:  (1513)
[75903:259:0802/165847.166007:INFO:CONSOLE(1513)] "[object HTMLDivElement]", source:  (1513)
[75903:259:0802/165847.736472:INFO:CONSOLE(1513)] "[object HTMLDivElement]", source:  (1513)
[75903:259:0802/165847.830793:INFO:CONSOLE(1513)] "[object HTMLDivElement]", source:  (1513)
[75903:259:0802/165848.209164:INFO:CONSOLE(1513)] "[object HTMLDivElement]", source:  (1513)
[75903:259:0802/165848.272039:INFO:CONSOLE(1513)] "[object HTMLElement]", source:  (1513)
[75903:259:0802/165849.518042:INFO:CONSOLE(1513)] "[object HTMLDivElement]", source:  (1513)
[75903:259:0802/165850.058426:INFO:CONSOLE(1513)] "[object HTMLDivElement]", source:  (1513)
[75903:259:0802/165850.160277:INFO:CONSOLE(1513)] "[object HTMLDivElement]", source:  (1513)
[75903:259:0802/165851.981758:INFO:CONSOLE(1513)] "[object HTMLDivElement]", source:  (1513)
[75903:259:0802/165852.916161:INFO:CONSOLE(1513)] "[object HTMLDivElement]", source:  (1513)
[75903:259:0802/165853.069883:INFO:CONSOLE(1513)] "[object HTMLDivElement]", source:  (1513)
[75903:259:0802/165853.298150:INFO:CONSOLE(1513)] "[object HTMLElement]", source:  (1513)
[75903:259:0802/165855.121316:INFO:CONSOLE(1513)] "[object HTMLElement]", source:  (1513)
[75903:259:0802/165856.319807:INFO:CONSOLE(1513)] "[object HTMLDivElement]", source:  (1513)
[75903:259:0802/165857.245461:INFO:CONSOLE(1513)] "[object HTMLDivElement]", source:  (1513)
[75903:259:0802/165857.347038:INFO:CONSOLE(1513)] "[object HTMLDivElement]", source:  (1513)
[75903:259:0802/165859.903498:INFO:CONSOLE(1513)] "[object HTMLDivElement]", source:  (1513)
[75903:259:0802/165900.225086:INFO:CONSOLE(1513)] "[object HTMLElement]", source:  (1513)
[75903:259:0802/165900.484365:INFO:CONSOLE(1513)] "[object HTMLButtonElement]", source:  (1513)
[75903:259:0802/165900.546509:INFO:CONSOLE(1513)] "[object HTMLDivElement]", source:  (1513)
[75903:259:0802/165901.825920:INFO:CONSOLE(1)] "Toast: please provide at least the "label" property to show the toast", source: https://d8d000008efr1eac--yhtest.sandbox.lightning.force.com/components/lightning/showToastEvent.js (1)
[75903:259:0802/165904.191257:INFO:CONSOLE(41)] "[object Object]", source: https://d8d000008efr1eac--yhtest.sandbox.lightning.force.com/libraries/instrumentation/beaconLib.BeaconLibrary.js (41)
[75903:259:0802/165907.077911:INFO:CONSOLE(1)] "<lightning-icon> Invalid icon name utility:", source: https://d8d000008efr1eac--yhtest.sandbox.lightning.force.com/components/lightning/icon.js (1)
[75903:259:0802/165908.098845:INFO:CONSOLE(41)] "[object Object]", source: https://d8d000008efr1eac--yhtest.sandbox.lightning.force.com/libraries/instrumentation/beaconLib.BeaconLibrary.js (41)
[75903:259:0802/165909.283091:INFO:CONSOLE(41)] "[object Object]", source: https://d8d000008efr1eac--yhtest.sandbox.lightning.force.com/libraries/instrumentation/beaconLib.BeaconLibrary.js (41)
[75903:259:0802/165911.346526:INFO:CONSOLE(41)] "[object Object]", source: https://d8d000008efr1eac--yhtest.sandbox.lightning.force.com/libraries/instrumentation/beaconLib.BeaconLibrary.js (41)
[75903:259:0802/165919.795127:INFO:CONSOLE(1513)] "[object HTMLDivElement]", source:  (1513)
[75903:259:0802/165920.042875:INFO:CONSOLE(1513)] "[object HTMLDivElement]", source:  (1513)
[75903:259:0802/165920.802660:INFO:CONSOLE(1513)] "[object HTMLDivElement]", source:  (1513)
[75903:259:0802/165929.943822:INFO:CONSOLE(1513)] "[object HTMLDivElement]", source:  (1513)
[75903:259:0802/165930.802815:INFO:CONSOLE(1513)] "[object HTMLDivElement]", source:  (1513)
[75903:259:0802/165930.987655:INFO:CONSOLE(1513)] "[object HTMLDivElement]", source:  (1513)
[75903:259:0802/165932.938936:INFO:CONSOLE(1513)] "[object HTMLDivElement]", source:  (1513)
[75903:259:0802/165933.727011:INFO:CONSOLE(1513)] "[object HTMLDivElement]", source:  (1513)
[75903:259:0802/165933.847081:INFO:CONSOLE(1513)] "[object HTMLDivElement]", source:  (1513)
[75903:259:0802/165934.510089:INFO:CONSOLE(1513)] "[object HTMLDivElement]", source:  (1513)
[75903:259:0802/165934.602171:INFO:CONSOLE(1513)] "[object HTMLElement]", source:  (1513)
[75903:259:0802/165935.944518:INFO:CONSOLE(1513)] "[object HTMLDivElement]", source:  (1513)
[75903:259:0802/165936.684159:INFO:CONSOLE(1513)] "[object HTMLDivElement]", source:  (1513)
[75903:259:0802/165936.787982:INFO:CONSOLE(1513)] "[object HTMLDivElement]", source:  (1513)
[75903:259:0802/165937.273367:INFO:CONSOLE(1513)] "[object HTMLDivElement]", source:  (1513)
[75903:259:0802/165937.358433:INFO:CONSOLE(1513)] "[object HTMLElement]", source:  (1513)
[75903:259:0802/165938.698965:INFO:CONSOLE(1513)] "[object HTMLDivElement]", source:  (1513)
[75903:259:0802/165939.528827:INFO:CONSOLE(1513)] "[object HTMLDivElement]", source:  (1513)
[75903:259:0802/165939.640763:INFO:CONSOLE(1513)] "[object HTMLDivElement]", source:  (1513)
[75903:259:0802/165940.129001:INFO:CONSOLE(1513)] "[object HTMLDivElement]", source:  (1513)
[75903:259:0802/165940.208101:INFO:CONSOLE(1513)] "[object HTMLElement]", source:  (1513)
[75903:259:0802/165941.491683:INFO:CONSOLE(1513)] "[object HTMLDivElement]", source:  (1513)
[75903:259:0802/165942.203019:INFO:CONSOLE(1513)] "[object HTMLDivElement]", source:  (1513)
[75903:259:0802/165942.312290:INFO:CONSOLE(1513)] "[object HTMLDivElement]", source:  (1513)
[75903:259:0802/165944.242654:INFO:CONSOLE(1513)] "[object HTMLDivElement]", source:  (1513)
[75903:259:0802/165945.315726:INFO:CONSOLE(1513)] "[object HTMLDivElement]", source:  (1513)
[75903:259:0802/165945.410546:INFO:CONSOLE(1513)] "[object HTMLDivElement]", source:  (1513)
[75903:259:0802/165945.606744:INFO:CONSOLE(1513)] "[object HTMLElement]", source:  (1513)
[75903:259:0802/165947.487769:INFO:CONSOLE(1513)] "[object HTMLElement]", source:  (1513)
[75903:259:0802/165948.719423:INFO:CONSOLE(1513)] "[object HTMLDivElement]", source:  (1513)
[75903:259:0802/165949.853784:INFO:CONSOLE(1513)] "[object HTMLDivElement]", source:  (1513)
[75903:259:0802/165949.963341:INFO:CONSOLE(1513)] "[object HTMLDivElement]", source:  (1513)
[75903:259:0802/165952.687549:INFO:CONSOLE(1513)] "[object HTMLDivElement]", source:  (1513)
[75903:259:0802/165953.050883:INFO:CONSOLE(1513)] "[object HTMLElement]", source:  (1513)
[75903:259:0802/165953.379608:INFO:CONSOLE(1513)] "[object HTMLButtonElement]", source:  (1513)
[75903:259:0802/165953.444753:INFO:CONSOLE(1513)] "[object HTMLDivElement]", source:  (1513)
[75903:259:0802/165954.551203:INFO:CONSOLE(1)] "Toast: please provide at least the "label" property to show the toast", source: https://d8d000008efr1eac--yhtest.sandbox.lightning.force.com/components/lightning/showToastEvent.js (1)
[75903:259:0802/165956.603639:INFO:CONSOLE(41)] "[object Object]", source: https://d8d000008efr1eac--yhtest.sandbox.lightning.force.com/libraries/instrumentation/beaconLib.BeaconLibrary.js (41)
[75903:259:0802/165959.796418:INFO:CONSOLE(1)] "<lightning-icon> Invalid icon name utility:", source: https://d8d000008efr1eac--yhtest.sandbox.lightning.force.com/components/lightning/icon.js (1)
[75903:259:0802/170000.806167:INFO:CONSOLE(41)] "[object Object]", source: https://d8d000008efr1eac--yhtest.sandbox.lightning.force.com/libraries/instrumentation/beaconLib.BeaconLibrary.js (41)
[75903:259:0802/170002.037150:INFO:CONSOLE(41)] "[object Object]", source: https://d8d000008efr1eac--yhtest.sandbox.lightning.force.com/libraries/instrumentation/beaconLib.BeaconLibrary.js (41)
[75903:259:0802/170004.184249:INFO:CONSOLE(41)] "[object Object]", source: https://d8d000008efr1eac--yhtest.sandbox.lightning.force.com/libraries/instrumentation/beaconLib.BeaconLibrary.js (41)
[75903:259:0802/170012.577487:INFO:CONSOLE(1513)] "[object HTMLDivElement]", source:  (1513)
[75903:259:0802/170012.690652:INFO:CONSOLE(1513)] "[object HTMLDivElement]", source:  (1513)
[75903:259:0802/170013.439239:INFO:CONSOLE(1513)] "[object HTMLDivElement]", source:  (1513)
[75903:259:0802/170022.545446:INFO:CONSOLE(1513)] "[object HTMLDivElement]", source:  (1513)
[75903:259:0802/170023.753390:INFO:CONSOLE(1513)] "[object HTMLDivElement]", source:  (1513)
[75903:259:0802/170023.860830:INFO:CONSOLE(1513)] "[object HTMLDivElement]", source:  (1513)
[75903:259:0802/170025.955590:INFO:CONSOLE(1513)] "[object HTMLDivElement]", source:  (1513)
[75903:259:0802/170026.905688:INFO:CONSOLE(1513)] "[object HTMLDivElement]", source:  (1513)
[75903:259:0802/170027.025397:INFO:CONSOLE(1513)] "[object HTMLDivElement]", source:  (1513)
[75903:259:0802/170027.615669:INFO:CONSOLE(1513)] "[object HTMLDivElement]", source:  (1513)
[75903:259:0802/170027.720424:INFO:CONSOLE(1513)] "[object HTMLElement]", source:  (1513)
[75903:259:0802/170029.062932:INFO:CONSOLE(1513)] "[object HTMLDivElement]", source:  (1513)
[75903:259:0802/170029.984366:INFO:CONSOLE(1513)] "[object HTMLDivElement]", source:  (1513)
[75903:259:0802/170030.102313:INFO:CONSOLE(1513)] "[object HTMLDivElement]", source:  (1513)
[75903:259:0802/170030.603533:INFO:CONSOLE(1513)] "[object HTMLDivElement]", source:  (1513)
[75903:259:0802/170030.688162:INFO:CONSOLE(1513)] "[object HTMLElement]", source:  (1513)
[75903:259:0802/170032.037057:INFO:CONSOLE(1513)] "[object HTMLDivElement]", source:  (1513)
[75903:259:0802/170032.979392:INFO:CONSOLE(1513)] "[object HTMLDivElement]", source:  (1513)
[75903:259:0802/170033.091144:INFO:CONSOLE(1513)] "[object HTMLDivElement]", source:  (1513)
[75903:259:0802/170033.637797:INFO:CONSOLE(1513)] "[object HTMLDivElement]", source:  (1513)
[75903:259:0802/170033.727028:INFO:CONSOLE(1513)] "[object HTMLElement]", source:  (1513)
[75903:259:0802/170035.067455:INFO:CONSOLE(1513)] "[object HTMLDivElement]", source:  (1513)
[75903:259:0802/170035.955079:INFO:CONSOLE(1513)] "[object HTMLDivElement]", source:  (1513)
[75903:259:0802/170036.074344:INFO:CONSOLE(1513)] "[object HTMLDivElement]", source:  (1513)
[75903:259:0802/170037.999605:INFO:CONSOLE(1513)] "[object HTMLDivElement]", source:  (1513)
[75903:259:0802/170039.532139:INFO:CONSOLE(1513)] "[object HTMLDivElement]", source:  (1513)
[75903:259:0802/170039.644216:INFO:CONSOLE(1513)] "[object HTMLDivElement]", source:  (1513)
[75903:259:0802/170039.863785:INFO:CONSOLE(1513)] "[object HTMLElement]", source:  (1513)
[75903:259:0802/170041.701501:INFO:CONSOLE(1513)] "[object HTMLElement]", source:  (1513)
[75903:259:0802/170042.924698:INFO:CONSOLE(1513)] "[object HTMLDivElement]", source:  (1513)
[75903:259:0802/170044.422096:INFO:CONSOLE(1513)] "[object HTMLDivElement]", source:  (1513)
[75903:259:0802/170044.533520:INFO:CONSOLE(1513)] "[object HTMLDivElement]", source:  (1513)
[75903:259:0802/170047.260906:INFO:CONSOLE(1513)] "[object HTMLDivElement]", source:  (1513)
[75903:259:0802/170047.682104:INFO:CONSOLE(1513)] "[object HTMLElement]", source:  (1513)
[75903:259:0802/170048.042984:INFO:CONSOLE(1513)] "[object HTMLButtonElement]", source:  (1513)
[75903:259:0802/170048.195745:INFO:CONSOLE(1513)] "[object HTMLDivElement]", source:  (1513)
[75903:259:0802/170049.294495:INFO:CONSOLE(1)] "Toast: please provide at least the "label" property to show the toast", source: https://d8d000008efr1eac--yhtest.sandbox.lightning.force.com/components/lightning/showToastEvent.js (1)
[75903:259:0802/170051.525651:INFO:CONSOLE(41)] "[object Object]", source: https://d8d000008efr1eac--yhtest.sandbox.lightning.force.com/libraries/instrumentation/beaconLib.BeaconLibrary.js (41)
[75903:259:0802/170054.543410:INFO:CONSOLE(1)] "<lightning-icon> Invalid icon name utility:", source: https://d8d000008efr1eac--yhtest.sandbox.lightning.force.com/components/lightning/icon.js (1)
[75903:259:0802/170055.900000:INFO:CONSOLE(41)] "[object Object]", source: https://d8d000008efr1eac--yhtest.sandbox.lightning.force.com/libraries/instrumentation/beaconLib.BeaconLibrary.js (41)
[75903:259:0802/170057.181226:INFO:CONSOLE(41)] "[object Object]", source: https://d8d000008efr1eac--yhtest.sandbox.lightning.force.com/libraries/instrumentation/beaconLib.BeaconLibrary.js (41)
[75903:259:0802/170059.354050:INFO:CONSOLE(41)] "[object Object]", source: https://d8d000008efr1eac--yhtest.sandbox.lightning.force.com/libraries/instrumentation/beaconLib.BeaconLibrary.js (41)
[75903:259:0802/170107.715451:INFO:CONSOLE(1513)] "[object HTMLDivElement]", source:  (1513)
[75903:259:0802/170107.820330:INFO:CONSOLE(1513)] "[object HTMLDivElement]", source:  (1513)
[75903:259:0802/170108.434797:INFO:CONSOLE(1513)] "[object HTMLDivElement]", source:  (1513)
[75903:259:0802/170117.533335:INFO:CONSOLE(1513)] "[object HTMLDivElement]", source:  (1513)
[75903:259:0802/170118.556964:INFO:CONSOLE(1513)] "[object HTMLDivElement]", source:  (1513)
[75903:259:0802/170118.752159:INFO:CONSOLE(1513)] "[object HTMLDivElement]", source:  (1513)
[75903:259:0802/170120.703432:INFO:CONSOLE(1513)] "[object HTMLDivElement]", source:  (1513)
[75903:259:0802/170121.751576:INFO:CONSOLE(1513)] "[object HTMLDivElement]", source:  (1513)
[75903:259:0802/170121.875498:INFO:CONSOLE(1513)] "[object HTMLDivElement]", source:  (1513)
[75903:259:0802/170122.440242:INFO:CONSOLE(1513)] "[object HTMLDivElement]", source:  (1513)
[75903:259:0802/170122.529250:INFO:CONSOLE(1513)] "[object HTMLElement]", source:  (1513)
[75903:259:0802/170123.902804:INFO:CONSOLE(1513)] "[object HTMLDivElement]", source:  (1513)
[75903:259:0802/170124.926974:INFO:CONSOLE(1513)] "[object HTMLDivElement]", source:  (1513)
[75903:259:0802/170125.039953:INFO:CONSOLE(1513)] "[object HTMLDivElement]", source:  (1513)
[75903:259:0802/170125.568245:INFO:CONSOLE(1513)] "[object HTMLDivElement]", source:  (1513)
[75903:259:0802/170125.665960:INFO:CONSOLE(1513)] "[object HTMLElement]", source:  (1513)
[75903:259:0802/170127.033575:INFO:CONSOLE(1513)] "[object HTMLDivElement]", source:  (1513)
[75903:259:0802/170128.129600:INFO:CONSOLE(1513)] "[object HTMLDivElement]", source:  (1513)
[75903:259:0802/170128.240435:INFO:CONSOLE(1513)] "[object HTMLDivElement]", source:  (1513)
[75903:259:0802/170128.760611:INFO:CONSOLE(1513)] "[object HTMLDivElement]", source:  (1513)
[75903:259:0802/170128.846374:INFO:CONSOLE(1513)] "[object HTMLElement]", source:  (1513)
[75903:259:0802/170130.202459:INFO:CONSOLE(1513)] "[object HTMLDivElement]", source:  (1513)
[75903:259:0802/170131.241794:INFO:CONSOLE(1513)] "[object HTMLDivElement]", source:  (1513)
[75903:259:0802/170131.359362:INFO:CONSOLE(1513)] "[object HTMLDivElement]", source:  (1513)
[75903:259:0802/170133.400405:INFO:CONSOLE(1513)] "[object HTMLDivElement]", source:  (1513)
[75903:259:0802/170134.842029:INFO:CONSOLE(1513)] "[object HTMLDivElement]", source:  (1513)
[75903:259:0802/170134.949827:INFO:CONSOLE(1513)] "[object HTMLDivElement]", source:  (1513)
[75903:259:0802/170135.171059:INFO:CONSOLE(1513)] "[object HTMLElement]", source:  (1513)
[75903:259:0802/170136.927068:INFO:CONSOLE(1513)] "[object HTMLElement]", source:  (1513)
[75903:259:0802/170138.152084:INFO:CONSOLE(1513)] "[object HTMLDivElement]", source:  (1513)
[75903:259:0802/170139.549787:INFO:CONSOLE(1513)] "[object HTMLDivElement]", source:  (1513)
[75903:259:0802/170139.653674:INFO:CONSOLE(1513)] "[object HTMLDivElement]", source:  (1513)
[75903:259:0802/170142.265496:INFO:CONSOLE(1513)] "[object HTMLDivElement]", source:  (1513)
[75903:259:0802/170142.723518:INFO:CONSOLE(1513)] "[object HTMLElement]", source:  (1513)
[75903:259:0802/170143.138233:INFO:CONSOLE(1513)] "[object HTMLButtonElement]", source:  (1513)
[75903:259:0802/170143.207746:INFO:CONSOLE(1513)] "[object HTMLDivElement]", source:  (1513)
[75903:259:0802/170144.399280:INFO:CONSOLE(1)] "Toast: please provide at least the "label" property to show the toast", source: https://d8d000008efr1eac--yhtest.sandbox.lightning.force.com/components/lightning/showToastEvent.js (1)
[75903:259:0802/170146.786362:INFO:CONSOLE(41)] "[object Object]", source: https://d8d000008efr1eac--yhtest.sandbox.lightning.force.com/libraries/instrumentation/beaconLib.BeaconLibrary.js (41)
[75903:259:0802/170149.638440:INFO:CONSOLE(1)] "<lightning-icon> Invalid icon name utility:", source: https://d8d000008efr1eac--yhtest.sandbox.lightning.force.com/components/lightning/icon.js (1)
[75903:259:0802/170151.150692:INFO:CONSOLE(41)] "[object Object]", source: https://d8d000008efr1eac--yhtest.sandbox.lightning.force.com/libraries/instrumentation/beaconLib.BeaconLibrary.js (41)
[75903:259:0802/170152.448731:INFO:CONSOLE(41)] "[object Object]", source: https://d8d000008efr1eac--yhtest.sandbox.lightning.force.com/libraries/instrumentation/beaconLib.BeaconLibrary.js (41)
[75903:259:0802/170154.620060:INFO:CONSOLE(41)] "[object Object]", source: https://d8d000008efr1eac--yhtest.sandbox.lightning.force.com/libraries/instrumentation/beaconLib.BeaconLibrary.js (41)
[75903:259:0802/170202.905210:INFO:CONSOLE(1513)] "[object HTMLDivElement]", source:  (1513)
[75903:259:0802/170203.023414:INFO:CONSOLE(1513)] "[object HTMLDivElement]", source:  (1513)
[75903:259:0802/170203.673598:INFO:CONSOLE(1513)] "[object HTMLDivElement]", source:  (1513)
[75903:259:0802/170212.851065:INFO:CONSOLE(1513)] "[object HTMLDivElement]", source:  (1513)
[75903:259:0802/170214.046654:INFO:CONSOLE(1513)] "[object HTMLDivElement]", source:  (1513)
[75903:259:0802/170214.157804:INFO:CONSOLE(1513)] "[object HTMLDivElement]", source:  (1513)
[75903:259:0802/170216.218500:INFO:CONSOLE(1513)] "[object HTMLDivElement]", source:  (1513)
[75903:259:0802/170217.372939:INFO:CONSOLE(1513)] "[object HTMLDivElement]", source:  (1513)
[75903:259:0802/170217.496921:INFO:CONSOLE(1513)] "[object HTMLDivElement]", source:  (1513)
[75903:259:0802/170218.109967:INFO:CONSOLE(1513)] "[object HTMLDivElement]", source:  (1513)
[75903:259:0802/170218.194379:INFO:CONSOLE(1513)] "[object HTMLElement]", source:  (1513)
[75903:259:0802/170219.553998:INFO:CONSOLE(1513)] "[object HTMLDivElement]", source:  (1513)
[75903:259:0802/170220.602317:INFO:CONSOLE(1513)] "[object HTMLDivElement]", source:  (1513)
[75903:259:0802/170220.708693:INFO:CONSOLE(1513)] "[object HTMLDivElement]", source:  (1513)
[75903:259:0802/170221.216495:INFO:CONSOLE(1513)] "[object HTMLDivElement]", source:  (1513)
[75903:259:0802/170221.291539:INFO:CONSOLE(1513)] "[object HTMLElement]", source:  (1513)
[75903:259:0802/170222.627358:INFO:CONSOLE(1513)] "[object HTMLDivElement]", source:  (1513)
[75903:259:0802/170223.714025:INFO:CONSOLE(1513)] "[object HTMLDivElement]", source:  (1513)
[75903:259:0802/170223.809793:INFO:CONSOLE(1513)] "[object HTMLDivElement]", source:  (1513)
[75903:259:0802/170224.444269:INFO:CONSOLE(1513)] "[object HTMLDivElement]", source:  (1513)
[75903:259:0802/170224.527201:INFO:CONSOLE(1513)] "[object HTMLElement]", source:  (1513)
[75903:259:0802/170225.892149:INFO:CONSOLE(1513)] "[object HTMLDivElement]", source:  (1513)
[75903:259:0802/170226.997323:INFO:CONSOLE(1513)] "[object HTMLDivElement]", source:  (1513)
[75903:259:0802/170227.114836:INFO:CONSOLE(1513)] "[object HTMLDivElement]", source:  (1513)
[75903:259:0802/170228.971010:INFO:CONSOLE(1513)] "[object HTMLDivElement]", source:  (1513)
[75903:259:0802/170230.635476:INFO:CONSOLE(1513)] "[object HTMLDivElement]", source:  (1513)
[75903:259:0802/170230.744926:INFO:CONSOLE(1513)] "[object HTMLDivElement]", source:  (1513)
[75903:259:0802/170230.964306:INFO:CONSOLE(1513)] "[object HTMLElement]", source:  (1513)
[75903:259:0802/170232.746880:INFO:CONSOLE(1513)] "[object HTMLElement]", source:  (1513)
[75903:259:0802/170233.977451:INFO:CONSOLE(1513)] "[object HTMLDivElement]", source:  (1513)
[75903:259:0802/170235.667834:INFO:CONSOLE(1513)] "[object HTMLDivElement]", source:  (1513)
[75903:259:0802/170235.773188:INFO:CONSOLE(1513)] "[object HTMLDivElement]", source:  (1513)
[75903:259:0802/170238.614606:INFO:CONSOLE(1513)] "[object HTMLDivElement]", source:  (1513)
[75903:259:0802/170239.263403:INFO:CONSOLE(1513)] "[object HTMLElement]", source:  (1513)
[75903:259:0802/170239.817963:INFO:CONSOLE(1513)] "[object HTMLButtonElement]", source:  (1513)
[75903:259:0802/170239.896895:INFO:CONSOLE(1513)] "[object HTMLDivElement]", source:  (1513)
[75903:259:0802/170241.137994:INFO:CONSOLE(1)] "Toast: please provide at least the "label" property to show the toast", source: https://d8d000008efr1eac--yhtest.sandbox.lightning.force.com/components/lightning/showToastEvent.js (1)
[75903:259:0802/170243.905270:INFO:CONSOLE(41)] "[object Object]", source: https://d8d000008efr1eac--yhtest.sandbox.lightning.force.com/libraries/instrumentation/beaconLib.BeaconLibrary.js (41)
[75903:259:0802/170243.913180:INFO:CONSOLE(41)] "[object Object]", source: https://d8d000008efr1eac--yhtest.sandbox.lightning.force.com/libraries/instrumentation/beaconLib.BeaconLibrary.js (41)
[75903:259:0802/170246.382168:INFO:CONSOLE(1)] "<lightning-icon> Invalid icon name utility:", source: https://d8d000008efr1eac--yhtest.sandbox.lightning.force.com/components/lightning/icon.js (1)
[75903:259:0802/170247.996944:INFO:CONSOLE(41)] "[object Object]", source: https://d8d000008efr1eac--yhtest.sandbox.lightning.force.com/libraries/instrumentation/beaconLib.BeaconLibrary.js (41)
[75903:259:0802/170249.288279:INFO:CONSOLE(41)] "[object Object]", source: https://d8d000008efr1eac--yhtest.sandbox.lightning.force.com/libraries/instrumentation/beaconLib.BeaconLibrary.js (41)
[75903:259:0802/170251.699101:INFO:CONSOLE(41)] "[object Object]", source: https://d8d000008efr1eac--yhtest.sandbox.lightning.force.com/libraries/instrumentation/beaconLib.BeaconLibrary.js (41)
[75903:259:0802/170300.309365:INFO:CONSOLE(1513)] "[object HTMLDivElement]", source:  (1513)
[75903:259:0802/170300.428142:INFO:CONSOLE(1513)] "[object HTMLDivElement]", source:  (1513)
[75903:259:0802/170301.205552:INFO:CONSOLE(1513)] "[object HTMLDivElement]", source:  (1513)
[75903:259:0802/170310.442775:INFO:CONSOLE(1513)] "[object HTMLDivElement]", source:  (1513)
[75903:259:0802/170311.701982:INFO:CONSOLE(1513)] "[object HTMLDivElement]", source:  (1513)
[75903:259:0802/170311.804135:INFO:CONSOLE(1513)] "[object HTMLDivElement]", source:  (1513)
[75903:259:0802/170313.876306:INFO:CONSOLE(1513)] "[object HTMLDivElement]", source:  (1513)
[75903:259:0802/170315.197621:INFO:CONSOLE(1513)] "[object HTMLDivElement]", source:  (1513)
[75903:259:0802/170315.313596:INFO:CONSOLE(1513)] "[object HTMLDivElement]", source:  (1513)
[75903:259:0802/170315.939246:INFO:CONSOLE(1513)] "[object HTMLDivElement]", source:  (1513)
[75903:259:0802/170316.040624:INFO:CONSOLE(1513)] "[object HTMLElement]", source:  (1513)
[75903:259:0802/170317.441618:INFO:CONSOLE(1513)] "[object HTMLDivElement]", source:  (1513)
[75903:259:0802/170318.846884:INFO:CONSOLE(1513)] "[object HTMLDivElement]", source:  (1513)
[75903:259:0802/170318.964550:INFO:CONSOLE(1513)] "[object HTMLDivElement]", source:  (1513)
[75903:259:0802/170319.525857:INFO:CONSOLE(1513)] "[object HTMLDivElement]", source:  (1513)
[75903:259:0802/170319.611052:INFO:CONSOLE(1513)] "[object HTMLElement]", source:  (1513)
[75903:259:0802/170320.954281:INFO:CONSOLE(1513)] "[object HTMLDivElement]", source:  (1513)
[75903:259:0802/170322.406409:INFO:CONSOLE(1513)] "[object HTMLDivElement]", source:  (1513)
[75903:259:0802/170322.514056:INFO:CONSOLE(1513)] "[object HTMLDivElement]", source:  (1513)
[75903:259:0802/170323.074255:INFO:CONSOLE(1513)] "[object HTMLDivElement]", source:  (1513)
[75903:259:0802/170323.157611:INFO:CONSOLE(1513)] "[object HTMLElement]", source:  (1513)
[75903:259:0802/170324.679827:INFO:CONSOLE(1513)] "[object HTMLDivElement]", source:  (1513)
[75903:259:0802/170326.122265:INFO:CONSOLE(1513)] "[object HTMLDivElement]", source:  (1513)
[75903:259:0802/170326.370757:INFO:CONSOLE(1513)] "[object HTMLDivElement]", source:  (1513)
[75903:259:0802/170328.383768:INFO:CONSOLE(1513)] "[object HTMLDivElement]", source:  (1513)
[75903:259:0802/170330.549714:INFO:CONSOLE(1513)] "[object HTMLDivElement]", source:  (1513)
[75903:259:0802/170330.660357:INFO:CONSOLE(1513)] "[object HTMLDivElement]", source:  (1513)
[75903:259:0802/170330.904274:INFO:CONSOLE(1513)] "[object HTMLElement]", source:  (1513)
[75903:259:0802/170332.827584:INFO:CONSOLE(1513)] "[object HTMLElement]", source:  (1513)
[75903:259:0802/170334.103348:INFO:CONSOLE(1513)] "[object HTMLDivElement]", source:  (1513)
[75903:259:0802/170336.410382:INFO:CONSOLE(1513)] "[object HTMLDivElement]", source:  (1513)
[75903:259:0802/170336.528355:INFO:CONSOLE(1513)] "[object HTMLDivElement]", source:  (1513)
[75903:259:0802/170339.388566:INFO:CONSOLE(1513)] "[object HTMLDivElement]", source:  (1513)
[75903:259:0802/170340.107030:INFO:CONSOLE(1513)] "[object HTMLElement]", source:  (1513)
[75903:259:0802/170340.917727:INFO:CONSOLE(1513)] "[object HTMLButtonElement]", source:  (1513)
[75903:259:0802/170341.000779:INFO:CONSOLE(1513)] "[object HTMLDivElement]", source:  (1513)
[75903:259:0802/170342.253050:INFO:CONSOLE(1)] "Toast: please provide at least the "label" property to show the toast", source: https://d8d000008efr1eac--yhtest.sandbox.lightning.force.com/components/lightning/showToastEvent.js (1)
[75903:259:0802/170344.272521:INFO:CONSOLE(41)] "[object Object]", source: https://d8d000008efr1eac--yhtest.sandbox.lightning.force.com/libraries/instrumentation/beaconLib.BeaconLibrary.js (41)
[75903:259:0802/170344.347021:INFO:CONSOLE(41)] "[object Object]", source: https://d8d000008efr1eac--yhtest.sandbox.lightning.force.com/libraries/instrumentation/beaconLib.BeaconLibrary.js (41)
[75903:259:0802/170346.211860:INFO:CONSOLE(0)] "An iframe which has both allow-scripts and allow-same-origin for its sandbox attribute can escape its sandboxing.", source: https://d8d000008efr1eac--yhtest.sandbox.my.salesforce.com/s.gif (0)
[75903:259:0802/170346.552674:INFO:CONSOLE(1)] "Could not load taxonomy information for the current page due server status", source: https://www.salesforce.com/etc/clientlibs/sfdc-aem-master/clientlibs_www_tags.min.js (1)
[75903:259:0802/170346.732359:INFO:CONSOLE(1)] "Error", source: https://spider.australiarevival.com/i/5d421499287bb62bd452311781db1729.js (1)
[75903:259:0802/170347.195990:INFO:CONSOLE(1)] "Failed to retrive resource /wbin/www-core/f/g", source: https://www.salesforce.com/etc.bundles/sfdc-www/bundles/webpack-script-manifest-commonlyUsed-js.bundle.356d5cf5c4f544ae3846.js (1)
[75903:259:0802/170348.142031:WARNING:pref_notifier_impl.cc(41)] Pref observer for media_router.cast_allow_all_ips found at shutdown.
