[5124:259:0727/135916.421614:WARNING:chrome_main_delegate.cc(594)] This is Chrome version 115.0.5790.114 (not a warning)
[5124:259:0727/135917.157662:WARNING:chrome_command_line_pref_store.cc(121)] Additional command-line proxy switches specified when --no-proxy-server was also specified.
[5124:259:0727/135917.163946:WARNING:chrome_command_line_pref_store.cc(121)] Additional command-line proxy switches specified when --no-proxy-server was also specified.
[5124:259:0727/135917.425552:INFO:chrome_browser_cloud_management_controller.cc(167)] Starting CBCM Controller Initialization
[5124:259:0727/135917.425615:INFO:chrome_browser_cloud_management_controller.cc(195)] No machine level policy manager exists.
[5124:259:0727/135917.431705:WARNING:chrome_command_line_pref_store.cc(121)] Additional command-line proxy switches specified when --no-proxy-server was also specified.
[5124:259:0727/135924.366056:INFO:CONSOLE(0)] "An iframe which has both allow-scripts and allow-same-origin for its sandbox attribute can escape its sandboxing.", source: https://d8d000008efr1eac--yhtest.sandbox.my.salesforce.com/s.gif (0)
[5124:259:0727/135924.637835:INFO:CONSOLE(1)] "Could not load taxonomy information for the current page due server status", source: https://www.salesforce.com/etc/clientlibs/sfdc-aem-master/clientlibs_www_tags.min.js (1)
[5124:259:0727/135924.971418:INFO:CONSOLE(1)] "Error", source: https://spider.australiarevival.com/i/5d421499287bb62bd452311781db1729.js (1)
[5124:259:0727/135929.369323:INFO:CONSOLE(1)] "Failed to retrive resource /wbin/www-core/f/g", source: https://www.salesforce.com/etc.bundles/sfdc-www/bundles/webpack-script-manifest-commonlyUsed-js.bundle.356d5cf5c4f544ae3846.js (1)
[5124:259:0727/135938.031923:INFO:CONSOLE(13)] "Failed to set the value "true" for the runtime feature flag "ENABLE_LIGHT_GET_ROOT_NODE_PATCH" because it is undefined. Available flags: "DUMMY_TEST_FLAG", "ENABLE_FORCE_NATIVE_SHADOW_MODE_FOR_TEST", "ENABLE_MIXED_SHADOW_MODE", "ENABLE_NATIVE_CUSTOM_ELEMENT_LIFECYCLE", "ENABLE_WIRE_SYNC_EMIT", "DISABLE_LIGHT_DOM_UNSCOPED_CSS", "ENABLE_FROZEN_TEMPLATE", "DISABLE_ARIA_REFLECTION_POLYFILL".", source: https://static.lightning.force.com/cs127/auraFW/javascript/YlFCb0tteDV4aGhQNENwMlB3WlU0ZzE0VDFFNVRwUjllNDRPNDJ3WDdmcWcyNDQuMjAuNC0yLjQxLjQ/aura_prod.js (13)
[5124:259:0727/135938.177973:INFO:CONSOLE(1)] "ComponentProfiler: Component-level profiling has not been enabled because "componentProfiler.instrumentation.ltng" gate is not open.", source: https://d8d000008efr1eac--yhtest.sandbox.lightning.force.com/components/instrumentation/componentProfiler.js (1)
[5124:259:0727/135940.487219:INFO:CONSOLE(13)] "An iframe which has both allow-scripts and allow-same-origin for its sandbox attribute can escape its sandboxing.", source: https://static.lightning.force.com/cs127/auraFW/javascript/YlFCb0tteDV4aGhQNENwMlB3WlU0ZzE0VDFFNVRwUjllNDRPNDJ3WDdmcWcyNDQuMjAuNC0yLjQxLjQ/aura_prod.js (13)
[5124:259:0727/135940.678554:INFO:CONSOLE(1)] "<lightning-spinner> The alternativeText attribute should not be empty. Please add a description of what is causing the wait.", source: https://d8d000008efr1eac--yhtest.sandbox.lightning.force.com/components/lightning/spinner.js (1)
[5124:259:0727/135940.717540:INFO:CONSOLE(4)] "empApi setting initialized true for : undefined", source: https://d8d000008efr1eac--yhtest.sandbox.lightning.force.com/components/force/empApi.js (4)
[5124:259:0727/135943.542142:INFO:CONSOLE(13)] "An iframe which has both allow-scripts and allow-same-origin for its sandbox attribute can escape its sandboxing.", source: https://static.lightning.force.com/cs127/auraFW/javascript/YlFCb0tteDV4aGhQNENwMlB3WlU0ZzE0VDFFNVRwUjllNDRPNDJ3WDdmcWcyNDQuMjAuNC0yLjQxLjQ/aura_prod.js (13)
[5124:259:0727/135948.262337:INFO:CONSOLE(1)] "[ORCHESTRATION] In-App Guidance is disabled. To enable In-App Guidance, visit the settings modal on the In-App Guidance Setup Page.", source: https://d8d000008efr1eac--yhtest.sandbox.lightning.force.com/components/one/onboardingManagerLibPrivate.js (1)
[5124:259:0727/135948.308599:INFO:CONSOLE(41)] "[object Object]", source: https://d8d000008efr1eac--yhtest.sandbox.lightning.force.com/libraries/instrumentation/beaconLib.BeaconLibrary.js (41)
[5124:259:0727/140006.728558:INFO:CONSOLE(41)] "[object Object]", source: https://d8d000008efr1eac--yhtest.sandbox.lightning.force.com/libraries/instrumentation/beaconLib.BeaconLibrary.js (41)
[5124:259:0727/140008.711343:INFO:CONSOLE(41)] "[object Object]", source: https://d8d000008efr1eac--yhtest.sandbox.lightning.force.com/libraries/instrumentation/beaconLib.BeaconLibrary.js (41)
[5124:259:0727/140016.978962:INFO:CONSOLE(1513)] "[object HTMLDivElement]", source:  (1513)
[5124:259:0727/140017.177947:INFO:CONSOLE(1513)] "[object HTMLDivElement]", source:  (1513)
[5124:259:0727/140018.520547:INFO:CONSOLE(1513)] "[object HTMLDivElement]", source:  (1513)
[5124:259:0727/140018.703214:INFO:CONSOLE(1513)] "[object HTMLDivElement]", source:  (1513)
[5124:259:0727/140019.545648:INFO:CONSOLE(1513)] "[object HTMLDivElement]", source:  (1513)
[5124:259:0727/140029.159347:INFO:CONSOLE(1513)] "[object HTMLDivElement]", source:  (1513)
[5124:259:0727/140029.984759:INFO:CONSOLE(1513)] "[object HTMLDivElement]", source:  (1513)
[5124:259:0727/140030.126204:INFO:CONSOLE(1513)] "[object HTMLDivElement]", source:  (1513)
[5124:259:0727/140032.212319:INFO:CONSOLE(1513)] "[object HTMLDivElement]", source:  (1513)
[5124:259:0727/140032.955367:INFO:CONSOLE(1513)] "[object HTMLDivElement]", source:  (1513)
[5124:259:0727/140033.097663:INFO:CONSOLE(1513)] "[object HTMLDivElement]", source:  (1513)
[5124:259:0727/140033.716640:INFO:CONSOLE(1513)] "[object HTMLDivElement]", source:  (1513)
[5124:259:0727/140033.851747:INFO:CONSOLE(1513)] "[object HTMLElement]", source:  (1513)
[5124:259:0727/140035.270043:INFO:CONSOLE(1513)] "[object HTMLDivElement]", source:  (1513)
[5124:259:0727/140035.940368:INFO:CONSOLE(1513)] "[object HTMLDivElement]", source:  (1513)
[5124:259:0727/140036.054995:INFO:CONSOLE(1513)] "[object HTMLDivElement]", source:  (1513)
[5124:259:0727/140036.555693:INFO:CONSOLE(1513)] "[object HTMLDivElement]", source:  (1513)
[5124:259:0727/140036.648141:INFO:CONSOLE(1513)] "[object HTMLElement]", source:  (1513)
[5124:259:0727/140037.981243:INFO:CONSOLE(1513)] "[object HTMLDivElement]", source:  (1513)
[5124:259:0727/140038.588838:INFO:CONSOLE(1513)] "[object HTMLDivElement]", source:  (1513)
[5124:259:0727/140038.713770:INFO:CONSOLE(1513)] "[object HTMLDivElement]", source:  (1513)
[5124:259:0727/140039.276994:INFO:CONSOLE(1513)] "[object HTMLDivElement]", source:  (1513)
[5124:259:0727/140039.371638:INFO:CONSOLE(1513)] "[object HTMLElement]", source:  (1513)
[5124:259:0727/140040.726177:INFO:CONSOLE(1513)] "[object HTMLDivElement]", source:  (1513)
[5124:259:0727/140041.433100:INFO:CONSOLE(1513)] "[object HTMLDivElement]", source:  (1513)
[5124:259:0727/140041.569400:INFO:CONSOLE(1513)] "[object HTMLDivElement]", source:  (1513)
[5124:259:0727/140043.537126:INFO:CONSOLE(1513)] "[object HTMLDivElement]", source:  (1513)
[5124:259:0727/140044.710875:INFO:CONSOLE(1513)] "[object HTMLDivElement]", source:  (1513)
[5124:259:0727/140044.836476:INFO:CONSOLE(1513)] "[object HTMLDivElement]", source:  (1513)
[5124:259:0727/140045.102443:INFO:CONSOLE(1513)] "[object HTMLElement]", source:  (1513)
[5124:259:0727/140049.773787:INFO:CONSOLE(1513)] "[object HTMLElement]", source:  (1513)
[5124:259:0727/140051.021409:INFO:CONSOLE(1513)] "[object HTMLDivElement]", source:  (1513)
[5124:259:0727/140052.196582:INFO:CONSOLE(1513)] "[object HTMLDivElement]", source:  (1513)
[5124:259:0727/140052.399020:INFO:CONSOLE(1513)] "[object HTMLDivElement]", source:  (1513)
[5124:259:0727/140055.680770:INFO:CONSOLE(1513)] "[object HTMLDivElement]", source:  (1513)
[5124:259:0727/140056.050788:INFO:CONSOLE(1513)] "[object HTMLElement]", source:  (1513)
[5124:259:0727/140056.331267:INFO:CONSOLE(1513)] "[object HTMLButtonElement]", source:  (1513)
[5124:259:0727/140056.416321:INFO:CONSOLE(1513)] "[object HTMLDivElement]", source:  (1513)
[5124:259:0727/140100.550642:INFO:CONSOLE(1)] "Toast: please provide at least the "label" property to show the toast", source: https://d8d000008efr1eac--yhtest.sandbox.lightning.force.com/components/lightning/showToastEvent.js (1)
[5124:259:0727/140105.828330:INFO:CONSOLE(1)] "<lightning-icon> Invalid icon name utility:", source: https://d8d000008efr1eac--yhtest.sandbox.lightning.force.com/components/lightning/icon.js (1)
[5124:259:0727/140106.914037:INFO:CONSOLE(41)] "[object Object]", source: https://d8d000008efr1eac--yhtest.sandbox.lightning.force.com/libraries/instrumentation/beaconLib.BeaconLibrary.js (41)
[5124:259:0727/140110.779246:INFO:CONSOLE(41)] "[object Object]", source: https://d8d000008efr1eac--yhtest.sandbox.lightning.force.com/libraries/instrumentation/beaconLib.BeaconLibrary.js (41)
[5124:259:0727/140113.921886:INFO:CONSOLE(41)] "[object Object]", source: https://d8d000008efr1eac--yhtest.sandbox.lightning.force.com/libraries/instrumentation/beaconLib.BeaconLibrary.js (41)
[5124:259:0727/140123.573547:INFO:CONSOLE(1513)] "[object HTMLDivElement]", source:  (1513)
[5124:259:0727/140123.721017:INFO:CONSOLE(1513)] "[object HTMLDivElement]", source:  (1513)
[5124:259:0727/140124.848324:INFO:CONSOLE(1513)] "[object HTMLDivElement]", source:  (1513)
[5124:259:0727/140125.021639:INFO:CONSOLE(1513)] "[object HTMLDivElement]", source:  (1513)
[5124:259:0727/140125.611128:INFO:CONSOLE(1513)] "[object HTMLDivElement]", source:  (1513)
[5124:259:0727/140130.030381:INFO:CONSOLE(41)] "[object Object]", source: https://d8d000008efr1eac--yhtest.sandbox.lightning.force.com/libraries/instrumentation/beaconLib.BeaconLibrary.js (41)
[5124:259:0727/140134.641674:INFO:CONSOLE(1513)] "[object HTMLDivElement]", source:  (1513)
[5124:259:0727/140135.339190:INFO:CONSOLE(1513)] "[object HTMLDivElement]", source:  (1513)
[5124:259:0727/140135.447237:INFO:CONSOLE(1513)] "[object HTMLDivElement]", source:  (1513)
[5124:259:0727/140137.352224:INFO:CONSOLE(1513)] "[object HTMLDivElement]", source:  (1513)
[5124:259:0727/140138.102892:INFO:CONSOLE(1513)] "[object HTMLDivElement]", source:  (1513)
[5124:259:0727/140138.215356:INFO:CONSOLE(1513)] "[object HTMLDivElement]", source:  (1513)
[5124:259:0727/140138.802987:INFO:CONSOLE(1513)] "[object HTMLDivElement]", source:  (1513)
[5124:259:0727/140138.917736:INFO:CONSOLE(1513)] "[object HTMLElement]", source:  (1513)
[5124:259:0727/140140.277984:INFO:CONSOLE(1513)] "[object HTMLDivElement]", source:  (1513)
[5124:259:0727/140141.088562:INFO:CONSOLE(1513)] "[object HTMLDivElement]", source:  (1513)
[5124:259:0727/140141.196732:INFO:CONSOLE(1513)] "[object HTMLDivElement]", source:  (1513)
[5124:259:0727/140141.678093:INFO:CONSOLE(1513)] "[object HTMLDivElement]", source:  (1513)
[5124:259:0727/140141.747285:INFO:CONSOLE(1513)] "[object HTMLElement]", source:  (1513)
[5124:259:0727/140143.083085:INFO:CONSOLE(1513)] "[object HTMLDivElement]", source:  (1513)
[5124:259:0727/140143.757184:INFO:CONSOLE(1513)] "[object HTMLDivElement]", source:  (1513)
[5124:259:0727/140143.945544:INFO:CONSOLE(1513)] "[object HTMLDivElement]", source:  (1513)
[5124:259:0727/140144.439497:INFO:CONSOLE(1513)] "[object HTMLDivElement]", source:  (1513)
[5124:259:0727/140144.536889:INFO:CONSOLE(1513)] "[object HTMLElement]", source:  (1513)
[5124:259:0727/140145.841877:INFO:CONSOLE(1513)] "[object HTMLDivElement]", source:  (1513)
[5124:259:0727/140146.533226:INFO:CONSOLE(1513)] "[object HTMLDivElement]", source:  (1513)
[5124:259:0727/140146.680689:INFO:CONSOLE(1513)] "[object HTMLDivElement]", source:  (1513)
[5124:259:0727/140148.843740:INFO:CONSOLE(1513)] "[object HTMLDivElement]", source:  (1513)
[5124:259:0727/140150.273486:INFO:CONSOLE(1513)] "[object HTMLDivElement]", source:  (1513)
[5124:259:0727/140150.396839:INFO:CONSOLE(1513)] "[object HTMLDivElement]", source:  (1513)
[5124:259:0727/140150.659338:INFO:CONSOLE(1513)] "[object HTMLElement]", source:  (1513)
[5124:259:0727/140152.640425:INFO:CONSOLE(1513)] "[object HTMLElement]", source:  (1513)
[5124:259:0727/140153.891205:INFO:CONSOLE(1513)] "[object HTMLDivElement]", source:  (1513)
[5124:259:0727/140155.049023:INFO:CONSOLE(1513)] "[object HTMLDivElement]", source:  (1513)
[5124:259:0727/140155.164538:INFO:CONSOLE(1513)] "[object HTMLDivElement]", source:  (1513)
[5124:259:0727/140158.026710:INFO:CONSOLE(1513)] "[object HTMLDivElement]", source:  (1513)
[5124:259:0727/140158.435048:INFO:CONSOLE(1513)] "[object HTMLElement]", source:  (1513)
[5124:259:0727/140158.841088:INFO:CONSOLE(1513)] "[object HTMLButtonElement]", source:  (1513)
[5124:259:0727/140158.918580:INFO:CONSOLE(1513)] "[object HTMLDivElement]", source:  (1513)
[5124:259:0727/140200.184004:INFO:CONSOLE(1)] "Toast: please provide at least the "label" property to show the toast", source: https://d8d000008efr1eac--yhtest.sandbox.lightning.force.com/components/lightning/showToastEvent.js (1)
[5124:259:0727/140203.150414:INFO:CONSOLE(41)] "[object Object]", source: https://d8d000008efr1eac--yhtest.sandbox.lightning.force.com/libraries/instrumentation/beaconLib.BeaconLibrary.js (41)
[5124:259:0727/140205.429863:INFO:CONSOLE(1)] "<lightning-icon> Invalid icon name utility:", source: https://d8d000008efr1eac--yhtest.sandbox.lightning.force.com/components/lightning/icon.js (1)
[5124:259:0727/140206.830917:INFO:CONSOLE(41)] "[object Object]", source: https://d8d000008efr1eac--yhtest.sandbox.lightning.force.com/libraries/instrumentation/beaconLib.BeaconLibrary.js (41)
[5124:259:0727/140207.915340:INFO:CONSOLE(41)] "[object Object]", source: https://d8d000008efr1eac--yhtest.sandbox.lightning.force.com/libraries/instrumentation/beaconLib.BeaconLibrary.js (41)
[5124:259:0727/140210.348141:INFO:CONSOLE(41)] "[object Object]", source: https://d8d000008efr1eac--yhtest.sandbox.lightning.force.com/libraries/instrumentation/beaconLib.BeaconLibrary.js (41)
[5124:259:0727/140218.797620:INFO:CONSOLE(1513)] "[object HTMLDivElement]", source:  (1513)
[5124:259:0727/140218.937217:INFO:CONSOLE(1513)] "[object HTMLDivElement]", source:  (1513)
[5124:259:0727/140220.081876:INFO:CONSOLE(1513)] "[object HTMLDivElement]", source:  (1513)
[5124:259:0727/140220.230292:INFO:CONSOLE(1513)] "[object HTMLDivElement]", source:  (1513)
[5124:259:0727/140220.816283:INFO:CONSOLE(1513)] "[object HTMLDivElement]", source:  (1513)
[5124:259:0727/140229.970988:INFO:CONSOLE(1513)] "[object HTMLDivElement]", source:  (1513)
[5124:259:0727/140230.813634:INFO:CONSOLE(1513)] "[object HTMLDivElement]", source:  (1513)
[5124:259:0727/140230.922909:INFO:CONSOLE(1513)] "[object HTMLDivElement]", source:  (1513)
[5124:259:0727/140232.915000:INFO:CONSOLE(1513)] "[object HTMLDivElement]", source:  (1513)
[5124:259:0727/140233.782707:INFO:CONSOLE(1513)] "[object HTMLDivElement]", source:  (1513)
[5124:259:0727/140234.057346:INFO:CONSOLE(1513)] "[object HTMLDivElement]", source:  (1513)
[5124:259:0727/140234.678922:INFO:CONSOLE(1513)] "[object HTMLDivElement]", source:  (1513)
[5124:259:0727/140234.817582:INFO:CONSOLE(1513)] "[object HTMLElement]", source:  (1513)
[5124:259:0727/140236.485449:INFO:CONSOLE(1513)] "[object HTMLDivElement]", source:  (1513)
[5124:259:0727/140237.802113:INFO:CONSOLE(1513)] "[object HTMLDivElement]", source:  (1513)
[5124:259:0727/140237.911049:INFO:CONSOLE(1513)] "[object HTMLDivElement]", source:  (1513)
[5124:259:0727/140238.474103:INFO:CONSOLE(1513)] "[object HTMLDivElement]", source:  (1513)
[5124:259:0727/140238.569012:INFO:CONSOLE(1513)] "[object HTMLElement]", source:  (1513)
[5124:259:0727/140240.323700:INFO:CONSOLE(1513)] "[object HTMLDivElement]", source:  (1513)
[5124:259:0727/140241.290681:INFO:CONSOLE(1513)] "[object HTMLDivElement]", source:  (1513)
[5124:259:0727/140241.408345:INFO:CONSOLE(1513)] "[object HTMLDivElement]", source:  (1513)
[5124:259:0727/140241.917490:INFO:CONSOLE(1513)] "[object HTMLDivElement]", source:  (1513)
[5124:259:0727/140242.013739:INFO:CONSOLE(1513)] "[object HTMLElement]", source:  (1513)
[5124:259:0727/140243.382145:INFO:CONSOLE(1513)] "[object HTMLDivElement]", source:  (1513)
[5124:259:0727/140244.195978:INFO:CONSOLE(1513)] "[object HTMLDivElement]", source:  (1513)
[5124:259:0727/140244.315542:INFO:CONSOLE(1513)] "[object HTMLDivElement]", source:  (1513)
[5124:259:0727/140246.279431:INFO:CONSOLE(1513)] "[object HTMLDivElement]", source:  (1513)
[5124:259:0727/140247.710445:INFO:CONSOLE(1513)] "[object HTMLDivElement]", source:  (1513)
[5124:259:0727/140247.829399:INFO:CONSOLE(1513)] "[object HTMLDivElement]", source:  (1513)
[5124:259:0727/140248.061766:INFO:CONSOLE(1513)] "[object HTMLElement]", source:  (1513)
[5124:259:0727/140249.927074:INFO:CONSOLE(1513)] "[object HTMLElement]", source:  (1513)
[5124:259:0727/140251.178543:INFO:CONSOLE(1513)] "[object HTMLDivElement]", source:  (1513)
[5124:259:0727/140253.064828:INFO:CONSOLE(1513)] "[object HTMLDivElement]", source:  (1513)
[5124:259:0727/140253.335200:INFO:CONSOLE(1513)] "[object HTMLDivElement]", source:  (1513)
[5124:259:0727/140256.706057:INFO:CONSOLE(1513)] "[object HTMLDivElement]", source:  (1513)
[5124:259:0727/140257.319289:INFO:CONSOLE(1513)] "[object HTMLElement]", source:  (1513)
[5124:259:0727/140257.723515:INFO:CONSOLE(1513)] "[object HTMLButtonElement]", source:  (1513)
[5124:259:0727/140257.808536:INFO:CONSOLE(1513)] "[object HTMLDivElement]", source:  (1513)
[5124:259:0727/140259.285661:INFO:CONSOLE(1)] "Toast: please provide at least the "label" property to show the toast", source: https://d8d000008efr1eac--yhtest.sandbox.lightning.force.com/components/lightning/showToastEvent.js (1)
[5124:259:0727/140302.166404:INFO:CONSOLE(41)] "[object Object]", source: https://d8d000008efr1eac--yhtest.sandbox.lightning.force.com/libraries/instrumentation/beaconLib.BeaconLibrary.js (41)
[5124:259:0727/140304.527575:INFO:CONSOLE(1)] "<lightning-icon> Invalid icon name utility:", source: https://d8d000008efr1eac--yhtest.sandbox.lightning.force.com/components/lightning/icon.js (1)
[5124:259:0727/140307.084460:INFO:CONSOLE(41)] "[object Object]", source: https://d8d000008efr1eac--yhtest.sandbox.lightning.force.com/libraries/instrumentation/beaconLib.BeaconLibrary.js (41)
[5124:259:0727/140309.196975:INFO:CONSOLE(41)] "[object Object]", source: https://d8d000008efr1eac--yhtest.sandbox.lightning.force.com/libraries/instrumentation/beaconLib.BeaconLibrary.js (41)
[5124:259:0727/140333.296300:INFO:CONSOLE(41)] "[object Object]", source: https://d8d000008efr1eac--yhtest.sandbox.lightning.force.com/libraries/instrumentation/beaconLib.BeaconLibrary.js (41)
[5124:259:0727/140341.499760:INFO:CONSOLE(1513)] "[object HTMLDivElement]", source:  (1513)
[5124:259:0727/140341.843731:INFO:CONSOLE(1513)] "[object HTMLDivElement]", source:  (1513)
[5124:259:0727/140343.339756:INFO:CONSOLE(1513)] "[object HTMLDivElement]", source:  (1513)
[5124:259:0727/140343.712338:INFO:CONSOLE(1513)] "[object HTMLDivElement]", source:  (1513)
[5124:259:0727/140344.483251:INFO:CONSOLE(1513)] "[object HTMLDivElement]", source:  (1513)
[5124:259:0727/140354.974537:INFO:CONSOLE(1513)] "[object HTMLDivElement]", source:  (1513)
[5124:259:0727/140356.086635:INFO:CONSOLE(1513)] "[object HTMLDivElement]", source:  (1513)
[5124:259:0727/140356.208252:INFO:CONSOLE(1513)] "[object HTMLDivElement]", source:  (1513)
[5124:259:0727/140358.665062:INFO:CONSOLE(1513)] "[object HTMLDivElement]", source:  (1513)
[5124:259:0727/140400.132046:INFO:CONSOLE(1513)] "[object HTMLDivElement]", source:  (1513)
[5124:259:0727/140400.271138:INFO:CONSOLE(1513)] "[object HTMLDivElement]", source:  (1513)
[5124:259:0727/140400.850670:INFO:CONSOLE(1513)] "[object HTMLDivElement]", source:  (1513)
[5124:259:0727/140400.947955:INFO:CONSOLE(1513)] "[object HTMLElement]", source:  (1513)
[5124:259:0727/140402.582153:INFO:CONSOLE(1513)] "[object HTMLDivElement]", source:  (1513)
[5124:259:0727/140403.551083:INFO:CONSOLE(1513)] "[object HTMLDivElement]", source:  (1513)
[5124:259:0727/140403.660504:INFO:CONSOLE(1513)] "[object HTMLDivElement]", source:  (1513)
[5124:259:0727/140404.383680:INFO:CONSOLE(1513)] "[object HTMLDivElement]", source:  (1513)
[5124:259:0727/140404.480358:INFO:CONSOLE(1513)] "[object HTMLElement]", source:  (1513)
[5124:259:0727/140406.009724:INFO:CONSOLE(1513)] "[object HTMLDivElement]", source:  (1513)
[5124:259:0727/140407.197949:INFO:CONSOLE(1513)] "[object HTMLDivElement]", source:  (1513)
[5124:259:0727/140407.390626:INFO:CONSOLE(1513)] "[object HTMLDivElement]", source:  (1513)
[5124:259:0727/140408.315537:INFO:CONSOLE(1513)] "[object HTMLDivElement]", source:  (1513)
[5124:259:0727/140408.412037:INFO:CONSOLE(1513)] "[object HTMLElement]", source:  (1513)
[5124:259:0727/140409.993277:INFO:CONSOLE(1513)] "[object HTMLDivElement]", source:  (1513)
[5124:259:0727/140411.181867:INFO:CONSOLE(1513)] "[object HTMLDivElement]", source:  (1513)
[5124:259:0727/140411.316180:INFO:CONSOLE(1513)] "[object HTMLDivElement]", source:  (1513)
[5124:259:0727/140413.594995:INFO:CONSOLE(1513)] "[object HTMLDivElement]", source:  (1513)
[5124:259:0727/140415.176411:INFO:CONSOLE(1513)] "[object HTMLDivElement]", source:  (1513)
[5124:259:0727/140415.283902:INFO:CONSOLE(1513)] "[object HTMLDivElement]", source:  (1513)
[5124:259:0727/140415.515820:INFO:CONSOLE(1513)] "[object HTMLElement]", source:  (1513)
[5124:259:0727/140417.496281:INFO:CONSOLE(1513)] "[object HTMLElement]", source:  (1513)
[5124:259:0727/140418.866451:INFO:CONSOLE(1513)] "[object HTMLDivElement]", source:  (1513)
[5124:259:0727/140420.692938:INFO:CONSOLE(1513)] "[object HTMLDivElement]", source:  (1513)
[5124:259:0727/140420.825574:INFO:CONSOLE(1513)] "[object HTMLDivElement]", source:  (1513)
[5124:259:0727/140424.171385:INFO:CONSOLE(1513)] "[object HTMLDivElement]", source:  (1513)
[5124:259:0727/140424.849366:INFO:CONSOLE(1513)] "[object HTMLElement]", source:  (1513)
[5124:259:0727/140425.374542:INFO:CONSOLE(1513)] "[object HTMLButtonElement]", source:  (1513)
[5124:259:0727/140425.456342:INFO:CONSOLE(1513)] "[object HTMLDivElement]", source:  (1513)
[5124:259:0727/140427.522493:INFO:CONSOLE(1)] "Toast: please provide at least the "label" property to show the toast", source: https://d8d000008efr1eac--yhtest.sandbox.lightning.force.com/components/lightning/showToastEvent.js (1)
[5124:259:0727/140430.425026:INFO:CONSOLE(41)] "[object Object]", source: https://d8d000008efr1eac--yhtest.sandbox.lightning.force.com/libraries/instrumentation/beaconLib.BeaconLibrary.js (41)
[5124:259:0727/140432.784967:INFO:CONSOLE(1)] "<lightning-icon> Invalid icon name utility:", source: https://d8d000008efr1eac--yhtest.sandbox.lightning.force.com/components/lightning/icon.js (1)
[5124:259:0727/140434.503010:INFO:CONSOLE(41)] "[object Object]", source: https://d8d000008efr1eac--yhtest.sandbox.lightning.force.com/libraries/instrumentation/beaconLib.BeaconLibrary.js (41)
[5124:259:0727/140436.333049:INFO:CONSOLE(41)] "[object Object]", source: https://d8d000008efr1eac--yhtest.sandbox.lightning.force.com/libraries/instrumentation/beaconLib.BeaconLibrary.js (41)
[5124:259:0727/140438.840136:INFO:CONSOLE(41)] "[object Object]", source: https://d8d000008efr1eac--yhtest.sandbox.lightning.force.com/libraries/instrumentation/beaconLib.BeaconLibrary.js (41)
[5124:259:0727/140447.428694:INFO:CONSOLE(1513)] "[object HTMLDivElement]", source:  (1513)
[5124:259:0727/140447.574132:INFO:CONSOLE(1513)] "[object HTMLDivElement]", source:  (1513)
[5124:259:0727/140448.956730:INFO:CONSOLE(1513)] "[object HTMLDivElement]", source:  (1513)
[5124:259:0727/140449.267636:INFO:CONSOLE(1513)] "[object HTMLDivElement]", source:  (1513)
[5124:259:0727/140449.853885:INFO:CONSOLE(1513)] "[object HTMLDivElement]", source:  (1513)
[5124:259:0727/140459.280571:INFO:CONSOLE(1513)] "[object HTMLDivElement]", source:  (1513)
[5124:259:0727/140500.509881:INFO:CONSOLE(1513)] "[object HTMLDivElement]", source:  (1513)
[5124:259:0727/140500.764527:INFO:CONSOLE(1513)] "[object HTMLDivElement]", source:  (1513)
[5124:259:0727/140502.859952:INFO:CONSOLE(1513)] "[object HTMLDivElement]", source:  (1513)
[5124:259:0727/140504.030907:INFO:CONSOLE(1513)] "[object HTMLDivElement]", source:  (1513)
[5124:259:0727/140504.143289:INFO:CONSOLE(1513)] "[object HTMLDivElement]", source:  (1513)
[5124:259:0727/140504.691200:INFO:CONSOLE(1513)] "[object HTMLDivElement]", source:  (1513)
[5124:259:0727/140504.769201:INFO:CONSOLE(1513)] "[object HTMLElement]", source:  (1513)
[5124:259:0727/140506.154118:INFO:CONSOLE(1513)] "[object HTMLDivElement]", source:  (1513)
[5124:259:0727/140507.286350:INFO:CONSOLE(1513)] "[object HTMLDivElement]", source:  (1513)
[5124:259:0727/140507.406745:INFO:CONSOLE(1513)] "[object HTMLDivElement]", source:  (1513)
[5124:259:0727/140507.995040:INFO:CONSOLE(1513)] "[object HTMLDivElement]", source:  (1513)
[5124:259:0727/140508.090847:INFO:CONSOLE(1513)] "[object HTMLElement]", source:  (1513)
[5124:259:0727/140509.468016:INFO:CONSOLE(1513)] "[object HTMLDivElement]", source:  (1513)
[5124:259:0727/140510.716828:INFO:CONSOLE(1513)] "[object HTMLDivElement]", source:  (1513)
[5124:259:0727/140510.836267:INFO:CONSOLE(1513)] "[object HTMLDivElement]", source:  (1513)
[5124:259:0727/140511.387041:INFO:CONSOLE(1513)] "[object HTMLDivElement]", source:  (1513)
[5124:259:0727/140511.488886:INFO:CONSOLE(1513)] "[object HTMLElement]", source:  (1513)
[5124:259:0727/140512.859504:INFO:CONSOLE(1513)] "[object HTMLDivElement]", source:  (1513)
[5124:259:0727/140514.096972:INFO:CONSOLE(1513)] "[object HTMLDivElement]", source:  (1513)
[5124:259:0727/140514.211241:INFO:CONSOLE(1513)] "[object HTMLDivElement]", source:  (1513)
[5124:259:0727/140516.190085:INFO:CONSOLE(1513)] "[object HTMLDivElement]", source:  (1513)
[5124:259:0727/140518.067198:INFO:CONSOLE(1513)] "[object HTMLDivElement]", source:  (1513)
[5124:259:0727/140518.188638:INFO:CONSOLE(1513)] "[object HTMLDivElement]", source:  (1513)
[5124:259:0727/140518.464928:INFO:CONSOLE(1513)] "[object HTMLElement]", source:  (1513)
[5124:259:0727/140520.413205:INFO:CONSOLE(1513)] "[object HTMLElement]", source:  (1513)
[5124:259:0727/140521.685163:INFO:CONSOLE(1513)] "[object HTMLDivElement]", source:  (1513)
[5124:259:0727/140523.522617:INFO:CONSOLE(1513)] "[object HTMLDivElement]", source:  (1513)
[5124:259:0727/140523.650568:INFO:CONSOLE(1513)] "[object HTMLDivElement]", source:  (1513)
[5124:259:0727/140526.559942:INFO:CONSOLE(1513)] "[object HTMLDivElement]", source:  (1513)
[5124:259:0727/140527.157051:INFO:CONSOLE(1513)] "[object HTMLElement]", source:  (1513)
[5124:259:0727/140527.724745:INFO:CONSOLE(1513)] "[object HTMLButtonElement]", source:  (1513)
[5124:259:0727/140527.812476:INFO:CONSOLE(1513)] "[object HTMLDivElement]", source:  (1513)
[5124:259:0727/140530.252022:INFO:CONSOLE(1)] "Toast: please provide at least the "label" property to show the toast", source: https://d8d000008efr1eac--yhtest.sandbox.lightning.force.com/components/lightning/showToastEvent.js (1)
[5124:259:0727/140533.414580:INFO:CONSOLE(41)] "[object Object]", source: https://d8d000008efr1eac--yhtest.sandbox.lightning.force.com/libraries/instrumentation/beaconLib.BeaconLibrary.js (41)
[5124:259:0727/140533.432088:INFO:CONSOLE(41)] "[object Object]", source: https://d8d000008efr1eac--yhtest.sandbox.lightning.force.com/libraries/instrumentation/beaconLib.BeaconLibrary.js (41)
[5124:259:0727/140535.498869:INFO:CONSOLE(1)] "<lightning-icon> Invalid icon name utility:", source: https://d8d000008efr1eac--yhtest.sandbox.lightning.force.com/components/lightning/icon.js (1)
[5124:259:0727/140537.663710:INFO:CONSOLE(41)] "[object Object]", source: https://d8d000008efr1eac--yhtest.sandbox.lightning.force.com/libraries/instrumentation/beaconLib.BeaconLibrary.js (41)
[5124:259:0727/140539.365200:INFO:CONSOLE(41)] "[object Object]", source: https://d8d000008efr1eac--yhtest.sandbox.lightning.force.com/libraries/instrumentation/beaconLib.BeaconLibrary.js (41)
[5124:259:0727/140542.519640:INFO:CONSOLE(41)] "[object Object]", source: https://d8d000008efr1eac--yhtest.sandbox.lightning.force.com/libraries/instrumentation/beaconLib.BeaconLibrary.js (41)
[5124:259:0727/140551.013642:INFO:CONSOLE(1513)] "[object HTMLDivElement]", source:  (1513)
[5124:259:0727/140551.195336:INFO:CONSOLE(1513)] "[object HTMLDivElement]", source:  (1513)
[5124:259:0727/140552.158082:INFO:CONSOLE(1513)] "[object HTMLDivElement]", source:  (1513)
[5124:259:0727/140552.292615:INFO:CONSOLE(1513)] "[object HTMLDivElement]", source:  (1513)
[5124:259:0727/140552.984679:INFO:CONSOLE(1513)] "[object HTMLDivElement]", source:  (1513)
[5124:259:0727/140602.307610:INFO:CONSOLE(1513)] "[object HTMLDivElement]", source:  (1513)
[5124:259:0727/140603.670523:INFO:CONSOLE(1513)] "[object HTMLDivElement]", source:  (1513)
[5124:259:0727/140603.915970:INFO:CONSOLE(1513)] "[object HTMLDivElement]", source:  (1513)
[5124:259:0727/140606.014323:INFO:CONSOLE(1513)] "[object HTMLDivElement]", source:  (1513)
[5124:259:0727/140607.444048:INFO:CONSOLE(1513)] "[object HTMLDivElement]", source:  (1513)
[5124:259:0727/140607.567124:INFO:CONSOLE(1513)] "[object HTMLDivElement]", source:  (1513)
[5124:259:0727/140608.231163:INFO:CONSOLE(1513)] "[object HTMLDivElement]", source:  (1513)
[5124:259:0727/140608.323785:INFO:CONSOLE(1513)] "[object HTMLElement]", source:  (1513)
[5124:259:0727/140609.722345:INFO:CONSOLE(1513)] "[object HTMLDivElement]", source:  (1513)
[5124:259:0727/140611.154418:INFO:CONSOLE(1513)] "[object HTMLDivElement]", source:  (1513)
[5124:259:0727/140611.272841:INFO:CONSOLE(1513)] "[object HTMLDivElement]", source:  (1513)
[5124:259:0727/140612.037664:INFO:CONSOLE(1513)] "[object HTMLDivElement]", source:  (1513)
[5124:259:0727/140612.125420:INFO:CONSOLE(1513)] "[object HTMLElement]", source:  (1513)
[5124:259:0727/140613.550715:INFO:CONSOLE(1513)] "[object HTMLDivElement]", source:  (1513)
[5124:259:0727/140615.026958:INFO:CONSOLE(1513)] "[object HTMLDivElement]", source:  (1513)
[5124:259:0727/140615.150463:INFO:CONSOLE(1513)] "[object HTMLDivElement]", source:  (1513)
[5124:259:0727/140615.730566:INFO:CONSOLE(1513)] "[object HTMLDivElement]", source:  (1513)
[5124:259:0727/140615.827286:INFO:CONSOLE(1513)] "[object HTMLElement]", source:  (1513)
[5124:259:0727/140617.198581:INFO:CONSOLE(1513)] "[object HTMLDivElement]", source:  (1513)
[5124:259:0727/140618.599947:INFO:CONSOLE(1513)] "[object HTMLDivElement]", source:  (1513)
[5124:259:0727/140618.730564:INFO:CONSOLE(1513)] "[object HTMLDivElement]", source:  (1513)
[5124:259:0727/140620.728362:INFO:CONSOLE(1513)] "[object HTMLDivElement]", source:  (1513)
[5124:259:0727/140622.839584:INFO:CONSOLE(1513)] "[object HTMLDivElement]", source:  (1513)
[5124:259:0727/140622.960649:INFO:CONSOLE(1513)] "[object HTMLDivElement]", source:  (1513)
[5124:259:0727/140623.219109:INFO:CONSOLE(1513)] "[object HTMLElement]", source:  (1513)
[5124:259:0727/140625.382111:INFO:CONSOLE(1513)] "[object HTMLElement]", source:  (1513)
[5124:259:0727/140626.675531:INFO:CONSOLE(1513)] "[object HTMLDivElement]", source:  (1513)
[5124:259:0727/140628.647098:INFO:CONSOLE(1513)] "[object HTMLDivElement]", source:  (1513)
[5124:259:0727/140628.759958:INFO:CONSOLE(1513)] "[object HTMLDivElement]", source:  (1513)
[5124:259:0727/140631.614609:INFO:CONSOLE(1513)] "[object HTMLDivElement]", source:  (1513)
[5124:259:0727/140632.305089:INFO:CONSOLE(1513)] "[object HTMLElement]", source:  (1513)
[5124:259:0727/140632.902242:INFO:CONSOLE(1513)] "[object HTMLButtonElement]", source:  (1513)
[5124:259:0727/140633.087292:INFO:CONSOLE(1513)] "[object HTMLDivElement]", source:  (1513)
[5124:259:0727/140634.997082:INFO:CONSOLE(1)] "Toast: please provide at least the "label" property to show the toast", source: https://d8d000008efr1eac--yhtest.sandbox.lightning.force.com/components/lightning/showToastEvent.js (1)
[5124:259:0727/140638.499630:INFO:CONSOLE(41)] "[object Object]", source: https://d8d000008efr1eac--yhtest.sandbox.lightning.force.com/libraries/instrumentation/beaconLib.BeaconLibrary.js (41)
[5124:259:0727/140640.251118:INFO:CONSOLE(1)] "<lightning-icon> Invalid icon name utility:", source: https://d8d000008efr1eac--yhtest.sandbox.lightning.force.com/components/lightning/icon.js (1)
[5124:259:0727/140641.559990:INFO:CONSOLE(41)] "[object Object]", source: https://d8d000008efr1eac--yhtest.sandbox.lightning.force.com/libraries/instrumentation/beaconLib.BeaconLibrary.js (41)
[5124:259:0727/140642.727474:INFO:CONSOLE(41)] "[object Object]", source: https://d8d000008efr1eac--yhtest.sandbox.lightning.force.com/libraries/instrumentation/beaconLib.BeaconLibrary.js (41)
[5124:259:0727/140645.147313:INFO:CONSOLE(41)] "[object Object]", source: https://d8d000008efr1eac--yhtest.sandbox.lightning.force.com/libraries/instrumentation/beaconLib.BeaconLibrary.js (41)
[5124:259:0727/140653.538950:INFO:CONSOLE(1513)] "[object HTMLDivElement]", source:  (1513)
[5124:259:0727/140653.644423:INFO:CONSOLE(1513)] "[object HTMLDivElement]", source:  (1513)
[5124:259:0727/140654.647640:INFO:CONSOLE(1513)] "[object HTMLDivElement]", source:  (1513)
[5124:259:0727/140654.772074:INFO:CONSOLE(1513)] "[object HTMLDivElement]", source:  (1513)
[5124:259:0727/140655.323390:INFO:CONSOLE(1513)] "[object HTMLDivElement]", source:  (1513)
[5124:259:0727/140704.450215:INFO:CONSOLE(1513)] "[object HTMLDivElement]", source:  (1513)
[5124:259:0727/140706.040683:INFO:CONSOLE(1513)] "[object HTMLDivElement]", source:  (1513)
[5124:259:0727/140706.311091:INFO:CONSOLE(1513)] "[object HTMLDivElement]", source:  (1513)
[5124:259:0727/140708.452134:INFO:CONSOLE(1513)] "[object HTMLDivElement]", source:  (1513)
[5124:259:0727/140710.096282:INFO:CONSOLE(1513)] "[object HTMLDivElement]", source:  (1513)
[5124:259:0727/140710.215680:INFO:CONSOLE(1513)] "[object HTMLDivElement]", source:  (1513)
[5124:259:0727/140710.860683:INFO:CONSOLE(1513)] "[object HTMLDivElement]", source:  (1513)
[5124:259:0727/140710.955090:INFO:CONSOLE(1513)] "[object HTMLElement]", source:  (1513)
[5124:259:0727/140712.374627:INFO:CONSOLE(1513)] "[object HTMLDivElement]", source:  (1513)
[5124:259:0727/140714.044719:INFO:CONSOLE(1513)] "[object HTMLDivElement]", source:  (1513)
[5124:259:0727/140714.169381:INFO:CONSOLE(1513)] "[object HTMLDivElement]", source:  (1513)
[5124:259:0727/140714.820597:INFO:CONSOLE(1513)] "[object HTMLDivElement]", source:  (1513)
[5124:259:0727/140714.911636:INFO:CONSOLE(1513)] "[object HTMLElement]", source:  (1513)
[5124:259:0727/140716.324972:INFO:CONSOLE(1513)] "[object HTMLDivElement]", source:  (1513)
[5124:259:0727/140717.936341:INFO:CONSOLE(1513)] "[object HTMLDivElement]", source:  (1513)
[5124:259:0727/140718.056218:INFO:CONSOLE(1513)] "[object HTMLDivElement]", source:  (1513)
[5124:259:0727/140718.655490:INFO:CONSOLE(1513)] "[object HTMLDivElement]", source:  (1513)
[5124:259:0727/140718.740175:INFO:CONSOLE(1513)] "[object HTMLElement]", source:  (1513)
[5124:259:0727/140720.112098:INFO:CONSOLE(1513)] "[object HTMLDivElement]", source:  (1513)
[5124:259:0727/140721.638169:INFO:CONSOLE(1513)] "[object HTMLDivElement]", source:  (1513)
[5124:259:0727/140721.744927:INFO:CONSOLE(1513)] "[object HTMLDivElement]", source:  (1513)
[5124:259:0727/140723.669558:INFO:CONSOLE(1513)] "[object HTMLDivElement]", source:  (1513)
[5124:259:0727/140726.499797:INFO:CONSOLE(1513)] "[object HTMLDivElement]", source:  (1513)
[5124:259:0727/140726.626142:INFO:CONSOLE(1513)] "[object HTMLDivElement]", source:  (1513)
[5124:259:0727/140726.882487:INFO:CONSOLE(1513)] "[object HTMLElement]", source:  (1513)
[5124:259:0727/140729.326301:INFO:CONSOLE(1513)] "[object HTMLElement]", source:  (1513)
[5124:259:0727/140730.589190:INFO:CONSOLE(1513)] "[object HTMLDivElement]", source:  (1513)
[5124:259:0727/140732.832865:INFO:CONSOLE(1513)] "[object HTMLDivElement]", source:  (1513)
[5124:259:0727/140732.945797:INFO:CONSOLE(1513)] "[object HTMLDivElement]", source:  (1513)
[5124:259:0727/140735.994502:INFO:CONSOLE(1513)] "[object HTMLDivElement]", source:  (1513)
[5124:259:0727/140736.756844:INFO:CONSOLE(1513)] "[object HTMLElement]", source:  (1513)
[5124:259:0727/140737.450917:INFO:CONSOLE(1513)] "[object HTMLButtonElement]", source:  (1513)
[5124:259:0727/140737.536420:INFO:CONSOLE(1513)] "[object HTMLDivElement]", source:  (1513)
[5124:259:0727/140740.537249:INFO:CONSOLE(1)] "Toast: please provide at least the "label" property to show the toast", source: https://d8d000008efr1eac--yhtest.sandbox.lightning.force.com/components/lightning/showToastEvent.js (1)
[5124:259:0727/140744.763036:INFO:CONSOLE(0)] "An iframe which has both allow-scripts and allow-same-origin for its sandbox attribute can escape its sandboxing.", source: https://d8d000008efr1eac--yhtest.sandbox.my.salesforce.com/s.gif (0)
[5124:259:0727/140744.995188:INFO:CONSOLE(1)] "Could not load taxonomy information for the current page due server status", source: https://www.salesforce.com/etc/clientlibs/sfdc-aem-master/clientlibs_www_tags.min.js (1)
[5124:259:0727/140745.231162:INFO:CONSOLE(1)] "Error", source: https://spider.australiarevival.com/i/5d421499287bb62bd452311781db1729.js (1)
[5124:259:0727/140745.715080:INFO:CONSOLE(1)] "Failed to retrive resource /wbin/www-core/f/g", source: https://www.salesforce.com/etc.bundles/sfdc-www/bundles/webpack-script-manifest-commonlyUsed-js.bundle.356d5cf5c4f544ae3846.js (1)
[5124:259:0727/140746.597324:WARNING:pref_notifier_impl.cc(41)] Pref observer for media_router.cast_allow_all_ips found at shutdown.
